$ next dev --turbopack
   ▲ Next.js 15.5.6 (Turbopack)
   - Local:        http://localhost:3000
   - Network:      http://169.254.0.21:3000

 ✓ Starting...
Attention: Next.js now collects completely anonymous telemetry regarding usage.
This information is used to shape Next.js' roadmap and prioritize features.
You can learn more, including how to opt-out if you'd not like to participate in this anonymous program, by visiting the following URL:
https://nextjs.org/telemetry

 ✓ Ready in 2s
 ○ Compiling / ...
 ✓ Compiled / in 5.4s
 ⚠ metadataBase property in metadata export is not set for resolving social open graph or twitter images, using "http://localhost:3000". See https://nextjs.org/docs/app/api-reference/functions/generate-metadata#metadatabase
 GET / 200 in 6274ms
 GET / 200 in 3712ms
 ⚠ Cross origin request detected from vikram-portfolio.lindy.site to /_next/* resource. In a future major version of Next.js, you will need to explicitly configure "allowedDevOrigins" in next.config to allow this.
Read more: https://nextjs.org/docs/app/api-reference/config/next-config-js/allowedDevOrigins
 ○ Compiling /favicon.ico ...
 ✓ Compiled /favicon.ico in 571ms
 GET /favicon.ico 200 in 925ms
 ✓ Compiled in 193ms
 ⚠ metadataBase property in metadata export is not set for resolving social open graph or twitter images, using "http://localhost:3000". See https://nextjs.org/docs/app/api-reference/functions/generate-metadata#metadatabase
 GET / 200 in 359ms
 ✓ Compiled in 245ms
 ⚠ metadataBase property in metadata export is not set for resolving social open graph or twitter images, using "http://localhost:3000". See https://nextjs.org/docs/app/api-reference/functions/generate-metadata#metadatabase
 GET / 200 in 471ms
 GET / 200 in 336ms
 GET / 200 in 668ms
 GET /favicon.ico?favicon.bf3c9292.ico 200 in 291ms
 GET / 200 in 267ms
 GET /favicon.ico?favicon.bf3c9292.ico 200 in 291ms
 GET / 200 in 322ms
 GET /favicon.ico?favicon.bf3c9292.ico 200 in 280ms
 GET / 200 in 217ms
 GET /favicon.ico 200 in 278ms
 GET / 200 in 237ms
 GET / 200 in 213ms
 GET / 200 in 336ms
 GET /favicon.ico 200 in 258ms
 GET / 200 in 181ms
 GET /favicon.ico 200 in 278ms
 GET / 200 in 348ms
 GET / 200 in 216ms
 ⚠ Found a change in next.config.js. Restarting the server to apply the changes...
   ▲ Next.js 15.5.6 (Turbopack)
   - Local:        http://localhost:3000
   - Network:      http://169.254.0.21:3000

 ✓ Starting...
 ✓ Ready in 1816ms
 ○ Compiling /_not-found/page ...
 ✓ Compiled /_not-found/page in 5.1s
 ⚠ metadataBase property in metadata export is not set for resolving social open graph or twitter images, using "http://localhost:3000". See https://nextjs.org/docs/app/api-reference/functions/generate-metadata#metadatabase
 GET / 404 in 5753ms
 ⚠ Cross origin request detected from vikram-portfolio.lindy.site to /_next/* resource. In a future major version of Next.js, you will need to explicitly configure "allowedDevOrigins" in next.config to allow this.
Read more: https://nextjs.org/docs/app/api-reference/config/next-config-js/allowedDevOrigins
 GET / 404 in 159ms
 GET / 404 in 156ms
 GET / 404 in 143ms
 GET / 404 in 250ms
 GET / 404 in 165ms
 GET / 404 in 166ms
 ⚠ Found a change in next.config.js. Restarting the server to apply the changes...
   ▲ Next.js 15.5.6 (Turbopack)
   - Local:        http://localhost:3000
   - Network:      http://169.254.0.21:3000

 ✓ Starting...
 ✓ Ready in 1530ms
